<?xml version="1.0" encoding="UTF-8"?>
<testsuite xmlns:xsi="http://www.w3.org/2001/XMLSchema-instance" xsi:noNamespaceSchemaLocation="https://maven.apache.org/surefire/maven-surefire-plugin/xsd/surefire-test-report-3.0.xsd" version="3.0" name="TestSuite" time="433.266" tests="9" errors="0" skipped="2" failures="5">
  <properties>
[...]
</properties>
  <testcase name="sellAllPokemon" classname="PokeLifeBotByMetin.tests.BreedingFarmSellAllTest" time="10.732">
    <failure message="expected [true] but found [false]" type="java.lang.AssertionError"><![CDATA[java.lang.AssertionError: expected [true] but found [false]
	at org.testng.Assert.fail(Assert.java:111)
	at org.testng.Assert.failNotEquals(Assert.java:1578)
	at org.testng.Assert.assertTrue(Assert.java:57)
	at org.testng.Assert.assertTrue(Assert.java:67)
	at PokeLifeBotByMetin.tests.BreedingFarmSellAllTest.sellAllPokemon(BreedingFarmSellAllTest.java:18)
	at java.base/jdk.internal.reflect.DirectMethodHandleAccessor.invoke(DirectMethodHandleAccessor.java:104)
	at java.base/java.lang.reflect.Method.invoke(Method.java:578)
	at org.testng.internal.invokers.MethodInvocationHelper.invokeMethod(MethodInvocationHelper.java:139)
	at org.testng.internal.invokers.TestInvoker.invokeMethod(TestInvoker.java:664)
	at org.testng.internal.invokers.TestInvoker.invokeTestMethod(TestInvoker.java:227)
	at org.testng.internal.invokers.MethodRunner.runInSequence(MethodRunner.java:50)
	at org.testng.internal.invokers.TestInvoker$MethodInvocationAgent.invoke(TestInvoker.java:957)
	at org.testng.internal.invokers.TestInvoker.invokeTestMethods(TestInvoker.java:200)
	at org.testng.internal.invokers.TestMethodWorker.invokeTestMethods(TestMethodWorker.java:148)
	at org.testng.internal.invokers.TestMethodWorker.run(TestMethodWorker.java:128)
	at java.base/java.util.ArrayList.forEach(ArrayList.java:1511)
	at org.testng.TestRunner.privateRun(TestRunner.java:848)
	at org.testng.TestRunner.run(TestRunner.java:621)
	at org.testng.SuiteRunner.runTest(SuiteRunner.java:443)
	at org.testng.SuiteRunner.runSequentially(SuiteRunner.java:437)
	at org.testng.SuiteRunner.privateRun(SuiteRunner.java:397)
	at org.testng.SuiteRunner.run(SuiteRunner.java:336)
	at org.testng.SuiteRunnerWorker.runSuite(SuiteRunnerWorker.java:52)
	at org.testng.SuiteRunnerWorker.run(SuiteRunnerWorker.java:95)
	at org.testng.TestNG.runSuitesSequentially(TestNG.java:1280)
	at org.testng.TestNG.runSuitesLocally(TestNG.java:1200)
	at org.testng.TestNG.runSuites(TestNG.java:1114)
	at org.testng.TestNG.run(TestNG.java:1082)
	at org.apache.maven.surefire.testng.TestNGExecutor.run(TestNGExecutor.java:151)
	at org.apache.maven.surefire.testng.TestNGDirectoryTestSuite.executeMulti(TestNGDirectoryTestSuite.java:192)
	at org.apache.maven.surefire.testng.TestNGDirectoryTestSuite.execute(TestNGDirectoryTestSuite.java:93)
	at org.apache.maven.surefire.testng.TestNGProvider.invoke(TestNGProvider.java:155)
	at org.apache.maven.surefire.booter.ForkedBooter.runSuitesInProcess(ForkedBooter.java:456)
	at org.apache.maven.surefire.booter.ForkedBooter.execute(ForkedBooter.java:169)
	at org.apache.maven.surefire.booter.ForkedBooter.run(ForkedBooter.java:595)
	at org.apache.maven.surefire.booter.ForkedBooter.main(ForkedBooter.java:581)
]]></failure>
    <system-err><![CDATA[[main] INFO PokeLifeBotByMetin.pages.LoggedInPage - No notification to close
]]></system-err>
  </testcase>
  <testcase name="buyPokeballs" classname="PokeLifeBotByMetin.tests.BuyPokeballsTest" time="1.913">
    <failure message="element click intercepted: Element &lt;a href=&quot;#&quot; class=&quot;dropdown-toggle&quot; data-toggle=&quot;dropdown&quot; role=&quot;button&quot; aria-haspopup=&quot;true&quot; aria-expanded=&quot;false&quot;&gt;...&lt;/a&gt; is not clickable at point (1260, 29). Other element would receive the click: &lt;div class=&quot;modal fade in&quot; id=&quot;ogloszenie&quot; tabindex=&quot;-1&quot; role=&quot;dialog&quot; aria-labelledby=&quot;ogloszenie_Label&quot; style=&quot;display: block;&quot;&gt;...&lt;/div&gt;&#10;  (Session info: MicrosoftEdge=119.0.2151.97)&#10;Build info: version: &apos;4.15.0&apos;, revision: &apos;1d14b5521b&apos;&#10;System info: os.name: &apos;Windows 10&apos;, os.arch: &apos;amd64&apos;, os.version: &apos;10.0&apos;, java.version: &apos;19.0.2&apos;&#10;Driver info: org.openqa.selenium.edge.EdgeDriver&#10;Command: [2b4825b6f9bc1679812375a5693b5ddf, clickElement {id=8AF88113BB4125C6AA3E3AD5A5EF34A2_element_114}]&#10;Capabilities {acceptInsecureCerts: false, browserName: msedge, browserVersion: 119.0.2151.97, fedcm:accounts: true, ms:edgeOptions: {debuggerAddress: localhost:63366}, msedge: {msedgedriverVersion: 119.0.2151.97 (42f50dec8b7a..., userDataDir: C:\Users\Metin\AppData\Loca...}, networkConnectionEnabled: false, pageLoadStrategy: normal, platformName: windows, proxy: Proxy(), se:cdp: ws://localhost:63366/devtoo..., se:cdpVersion: 119.0.2151.97, setWindowRect: true, strictFileInteractability: false, timeouts: {implicit: 0, pageLoad: 300000, script: 30000}, unhandledPromptBehavior: dismiss and notify, webauthn:extension:credBlob: true, webauthn:extension:largeBlob: true, webauthn:extension:minPinLength: true, webauthn:extension:prf: true, webauthn:virtualAuthenticators: true}&#10;Element: [[EdgeDriver: msedge on windows (2b4825b6f9bc1679812375a5693b5ddf)] -&gt; xpath: (//a[@class=&apos;dropdown-toggle&apos;])[3]]&#10;Session ID: 2b4825b6f9bc1679812375a5693b5ddf" type="org.openqa.selenium.ElementClickInterceptedException"><![CDATA[org.openqa.selenium.ElementClickInterceptedException: 
element click intercepted: Element <a href="#" class="dropdown-toggle" data-toggle="dropdown" role="button" aria-haspopup="true" aria-expanded="false">...</a> is not clickable at point (1260, 29). Other element would receive the click: <div class="modal fade in" id="ogloszenie" tabindex="-1" role="dialog" aria-labelledby="ogloszenie_Label" style="display: block;">...</div>
  (Session info: MicrosoftEdge=119.0.2151.97)
Build info: version: '4.15.0', revision: '1d14b5521b'
System info: os.name: 'Windows 10', os.arch: 'amd64', os.version: '10.0', java.version: '19.0.2'
Driver info: org.openqa.selenium.edge.EdgeDriver
Command: [2b4825b6f9bc1679812375a5693b5ddf, clickElement {id=8AF88113BB4125C6AA3E3AD5A5EF34A2_element_114}]
Capabilities {acceptInsecureCerts: false, browserName: msedge, browserVersion: 119.0.2151.97, fedcm:accounts: true, ms:edgeOptions: {debuggerAddress: localhost:63366}, msedge: {msedgedriverVersion: 119.0.2151.97 (42f50dec8b7a..., userDataDir: C:\Users\Metin\AppData\Loca...}, networkConnectionEnabled: false, pageLoadStrategy: normal, platformName: windows, proxy: Proxy(), se:cdp: ws://localhost:63366/devtoo..., se:cdpVersion: 119.0.2151.97, setWindowRect: true, strictFileInteractability: false, timeouts: {implicit: 0, pageLoad: 300000, script: 30000}, unhandledPromptBehavior: dismiss and notify, webauthn:extension:credBlob: true, webauthn:extension:largeBlob: true, webauthn:extension:minPinLength: true, webauthn:extension:prf: true, webauthn:virtualAuthenticators: true}
Element: [[EdgeDriver: msedge on windows (2b4825b6f9bc1679812375a5693b5ddf)] -> xpath: (//a[@class='dropdown-toggle'])[3]]
Session ID: 2b4825b6f9bc1679812375a5693b5ddf
	at java.base/jdk.internal.reflect.DirectConstructorHandleAccessor.newInstance(DirectConstructorHandleAccessor.java:67)
	at java.base/java.lang.reflect.Constructor.newInstanceWithCaller(Constructor.java:500)
	at java.base/java.lang.reflect.Constructor.newInstance(Constructor.java:484)
	at org.openqa.selenium.remote.codec.w3c.W3CHttpResponseCodec.createException(W3CHttpResponseCodec.java:200)
	at org.openqa.selenium.remote.codec.w3c.W3CHttpResponseCodec.decode(W3CHttpResponseCodec.java:133)
	at org.openqa.selenium.remote.codec.w3c.W3CHttpResponseCodec.decode(W3CHttpResponseCodec.java:52)
	at org.openqa.selenium.remote.HttpCommandExecutor.execute(HttpCommandExecutor.java:191)
	at org.openqa.selenium.remote.service.DriverCommandExecutor.invokeExecute(DriverCommandExecutor.java:200)
	at org.openqa.selenium.remote.service.DriverCommandExecutor.execute(DriverCommandExecutor.java:175)
	at org.openqa.selenium.remote.RemoteWebDriver.execute(RemoteWebDriver.java:607)
	at org.openqa.selenium.remote.RemoteWebElement.execute(RemoteWebElement.java:224)
	at org.openqa.selenium.remote.RemoteWebElement.click(RemoteWebElement.java:77)
	at java.base/jdk.internal.reflect.DirectMethodHandleAccessor.invoke(DirectMethodHandleAccessor.java:104)
	at java.base/java.lang.reflect.Method.invoke(Method.java:578)
	at org.openqa.selenium.support.pagefactory.internal.LocatingElementHandler.invoke(LocatingElementHandler.java:51)
	at jdk.proxy2/jdk.proxy2.$Proxy9.click(Unknown Source)
	at PokeLifeBotByMetin.pages.PokeshopPage.buyPokeballs(PokeshopPage.java:33)
	at PokeLifeBotByMetin.tests.BuyPokeballsTest.buyPokeballs(BuyPokeballsTest.java:22)
	at java.base/jdk.internal.reflect.DirectMethodHandleAccessor.invoke(DirectMethodHandleAccessor.java:104)
	at java.base/java.lang.reflect.Method.invoke(Method.java:578)
	at org.testng.internal.invokers.MethodInvocationHelper.invokeMethod(MethodInvocationHelper.java:139)
	at org.testng.internal.invokers.TestInvoker.invokeMethod(TestInvoker.java:664)
	at org.testng.internal.invokers.TestInvoker.invokeTestMethod(TestInvoker.java:227)
	at org.testng.internal.invokers.MethodRunner.runInSequence(MethodRunner.java:50)
	at org.testng.internal.invokers.TestInvoker$MethodInvocationAgent.invoke(TestInvoker.java:957)
	at org.testng.internal.invokers.TestInvoker.invokeTestMethods(TestInvoker.java:200)
	at org.testng.internal.invokers.TestMethodWorker.invokeTestMethods(TestMethodWorker.java:148)
	at org.testng.internal.invokers.TestMethodWorker.run(TestMethodWorker.java:128)
	at java.base/java.util.ArrayList.forEach(ArrayList.java:1511)
	at org.testng.TestRunner.privateRun(TestRunner.java:848)
	at org.testng.TestRunner.run(TestRunner.java:621)
	at org.testng.SuiteRunner.runTest(SuiteRunner.java:443)
	at org.testng.SuiteRunner.runSequentially(SuiteRunner.java:437)
	at org.testng.SuiteRunner.privateRun(SuiteRunner.java:397)
	at org.testng.SuiteRunner.run(SuiteRunner.java:336)
	at org.testng.SuiteRunnerWorker.runSuite(SuiteRunnerWorker.java:52)
	at org.testng.SuiteRunnerWorker.run(SuiteRunnerWorker.java:95)
	at org.testng.TestNG.runSuitesSequentially(TestNG.java:1280)
	at org.testng.TestNG.runSuitesLocally(TestNG.java:1200)
	at org.testng.TestNG.runSuites(TestNG.java:1114)
	at org.testng.TestNG.run(TestNG.java:1082)
	at org.apache.maven.surefire.testng.TestNGExecutor.run(TestNGExecutor.java:151)
	at org.apache.maven.surefire.testng.TestNGDirectoryTestSuite.executeMulti(TestNGDirectoryTestSuite.java:192)
	at org.apache.maven.surefire.testng.TestNGDirectoryTestSuite.execute(TestNGDirectoryTestSuite.java:93)
	at org.apache.maven.surefire.testng.TestNGProvider.invoke(TestNGProvider.java:155)
	at org.apache.maven.surefire.booter.ForkedBooter.runSuitesInProcess(ForkedBooter.java:456)
	at org.apache.maven.surefire.booter.ForkedBooter.execute(ForkedBooter.java:169)
	at org.apache.maven.surefire.booter.ForkedBooter.run(ForkedBooter.java:595)
	at org.apache.maven.surefire.booter.ForkedBooter.main(ForkedBooter.java:581)
]]></failure>
    <system-err><![CDATA[[main] INFO PokeLifeBotByMetin.pages.LoggedInPage - No notification to close
]]></system-err>
  </testcase>
  <testcase name="checkPA" classname="PokeLifeBotByMetin.tests.CheckPATest" time="0.728">
    <system-err><![CDATA[[main] INFO PokeLifeBotByMetin.pages.LoggedInPage - PA left: 230/230
[main] INFO PokeLifeBotByMetin.pages.LoggedInPage - Chcecking if PA >= 5 successful
]]></system-err>
  </testcase>
  <testcase name="goToWildTest" classname="PokeLifeBotByMetin.tests.GoToWildTest" time="388.874">
    <failure message="Session ID is null. Using WebDriver after calling quit()?&#10;Build info: version: &apos;4.15.0&apos;, revision: &apos;1d14b5521b&apos;&#10;System info: os.name: &apos;Windows 10&apos;, os.arch: &apos;amd64&apos;, os.version: &apos;10.0&apos;, java.version: &apos;19.0.2&apos;&#10;Driver info: org.openqa.selenium.edge.EdgeDriver&#10;Command: [null, findElement {using=xpath, value=(//button[text()=&apos;Zamknij&apos;])[2]}]&#10;Capabilities {acceptInsecureCerts: false, browserName: msedge, browserVersion: 119.0.2151.97, fedcm:accounts: true, ms:edgeOptions: {debuggerAddress: localhost:63433}, msedge: {msedgedriverVersion: 119.0.2151.97 (42f50dec8b7a..., userDataDir: C:\Users\Metin\AppData\Loca...}, networkConnectionEnabled: false, pageLoadStrategy: normal, platformName: windows, proxy: Proxy(), se:cdp: ws://localhost:63433/devtoo..., se:cdpVersion: 119.0.2151.97, setWindowRect: true, strictFileInteractability: false, timeouts: {implicit: 0, pageLoad: 300000, script: 30000}, unhandledPromptBehavior: dismiss and notify, webauthn:extension:credBlob: true, webauthn:extension:largeBlob: true, webauthn:extension:minPinLength: true, webauthn:extension:prf: true, webauthn:virtualAuthenticators: true}" type="org.openqa.selenium.NoSuchSessionException"><![CDATA[org.openqa.selenium.NoSuchSessionException: 
Session ID is null. Using WebDriver after calling quit()?
Build info: version: '4.15.0', revision: '1d14b5521b'
System info: os.name: 'Windows 10', os.arch: 'amd64', os.version: '10.0', java.version: '19.0.2'
Driver info: org.openqa.selenium.edge.EdgeDriver
Command: [null, findElement {using=xpath, value=(//button[text()='Zamknij'])[2]}]
Capabilities {acceptInsecureCerts: false, browserName: msedge, browserVersion: 119.0.2151.97, fedcm:accounts: true, ms:edgeOptions: {debuggerAddress: localhost:63433}, msedge: {msedgedriverVersion: 119.0.2151.97 (42f50dec8b7a..., userDataDir: C:\Users\Metin\AppData\Loca...}, networkConnectionEnabled: false, pageLoadStrategy: normal, platformName: windows, proxy: Proxy(), se:cdp: ws://localhost:63433/devtoo..., se:cdpVersion: 119.0.2151.97, setWindowRect: true, strictFileInteractability: false, timeouts: {implicit: 0, pageLoad: 300000, script: 30000}, unhandledPromptBehavior: dismiss and notify, webauthn:extension:credBlob: true, webauthn:extension:largeBlob: true, webauthn:extension:minPinLength: true, webauthn:extension:prf: true, webauthn:virtualAuthenticators: true}
	at org.openqa.selenium.remote.HttpCommandExecutor.execute(HttpCommandExecutor.java:152)
	at org.openqa.selenium.remote.service.DriverCommandExecutor.invokeExecute(DriverCommandExecutor.java:200)
	at org.openqa.selenium.remote.service.DriverCommandExecutor.execute(DriverCommandExecutor.java:175)
	at org.openqa.selenium.remote.RemoteWebDriver.execute(RemoteWebDriver.java:607)
	at org.openqa.selenium.remote.ElementLocation$ElementFinder$2.findElement(ElementLocation.java:165)
	at org.openqa.selenium.remote.ElementLocation.findElement(ElementLocation.java:59)
	at org.openqa.selenium.remote.RemoteWebDriver.findElement(RemoteWebDriver.java:364)
	at org.openqa.selenium.remote.RemoteWebDriver.findElement(RemoteWebDriver.java:358)
	at org.openqa.selenium.support.pagefactory.DefaultElementLocator.findElement(DefaultElementLocator.java:68)
	at org.openqa.selenium.support.pagefactory.internal.LocatingElementHandler.invoke(LocatingElementHandler.java:38)
	at jdk.proxy2/jdk.proxy2.$Proxy9.isDisplayed(Unknown Source)
	at PokeLifeBotByMetin.pages.WildPage.potionLimitReached(WildPage.java:174)
	at PokeLifeBotByMetin.tests.GoToWildTest.goToWildTest(GoToWildTest.java:58)
	at java.base/jdk.internal.reflect.DirectMethodHandleAccessor.invoke(DirectMethodHandleAccessor.java:104)
	at java.base/java.lang.reflect.Method.invoke(Method.java:578)
	at org.testng.internal.invokers.MethodInvocationHelper.invokeMethod(MethodInvocationHelper.java:139)
	at org.testng.internal.invokers.TestInvoker.invokeMethod(TestInvoker.java:664)
	at org.testng.internal.invokers.TestInvoker.invokeTestMethod(TestInvoker.java:227)
	at org.testng.internal.invokers.MethodRunner.runInSequence(MethodRunner.java:50)
	at org.testng.internal.invokers.TestInvoker$MethodInvocationAgent.invoke(TestInvoker.java:957)
	at org.testng.internal.invokers.TestInvoker.invokeTestMethods(TestInvoker.java:200)
	at org.testng.internal.invokers.TestMethodWorker.invokeTestMethods(TestMethodWorker.java:148)
	at org.testng.internal.invokers.TestMethodWorker.run(TestMethodWorker.java:128)
	at java.base/java.util.ArrayList.forEach(ArrayList.java:1511)
	at org.testng.TestRunner.privateRun(TestRunner.java:848)
	at org.testng.TestRunner.run(TestRunner.java:621)
	at org.testng.SuiteRunner.runTest(SuiteRunner.java:443)
	at org.testng.SuiteRunner.runSequentially(SuiteRunner.java:437)
	at org.testng.SuiteRunner.privateRun(SuiteRunner.java:397)
	at org.testng.SuiteRunner.run(SuiteRunner.java:336)
	at org.testng.SuiteRunnerWorker.runSuite(SuiteRunnerWorker.java:52)
	at org.testng.SuiteRunnerWorker.run(SuiteRunnerWorker.java:95)
	at org.testng.TestNG.runSuitesSequentially(TestNG.java:1280)
	at org.testng.TestNG.runSuitesLocally(TestNG.java:1200)
	at org.testng.TestNG.runSuites(TestNG.java:1114)
	at org.testng.TestNG.run(TestNG.java:1082)
	at org.apache.maven.surefire.testng.TestNGExecutor.run(TestNGExecutor.java:151)
	at org.apache.maven.surefire.testng.TestNGDirectoryTestSuite.executeMulti(TestNGDirectoryTestSuite.java:192)
	at org.apache.maven.surefire.testng.TestNGDirectoryTestSuite.execute(TestNGDirectoryTestSuite.java:93)
	at org.apache.maven.surefire.testng.TestNGProvider.invoke(TestNGProvider.java:155)
	at org.apache.maven.surefire.booter.ForkedBooter.runSuitesInProcess(ForkedBooter.java:456)
	at org.apache.maven.surefire.booter.ForkedBooter.execute(ForkedBooter.java:169)
	at org.apache.maven.surefire.booter.ForkedBooter.run(ForkedBooter.java:595)
	at org.apache.maven.surefire.booter.ForkedBooter.main(ForkedBooter.java:581)
]]></failure>
    <system-err><![CDATA[[main] INFO PokeLifeBotByMetin.pages.LoggedInPage - No notification to close
[main] INFO PokeLifeBotByMetin.tests.GoToWildTest - Work status checked, test continues
[main] INFO PokeLifeBotByMetin.pages.WildPage - Continue button clicked
[main] INFO PokeLifeBotByMetin.pages.LoggedInPage - PA left: 225/230
[main] INFO PokeLifeBotByMetin.pages.LoggedInPage - Chcecking if PA >= 5 successful
[main] INFO PokeLifeBotByMetin.pages.WildPage - Pokemon chosen
[main] INFO PokeLifeBotByMetin.pages.WildPage - Pokeball thrown if
[main] INFO PokeLifeBotByMetin.pages.WildPage - Pokemon chosen
[main] INFO PokeLifeBotByMetin.pages.WildPage - Pokeball thrown if
[main] INFO PokeLifeBotByMetin.pages.LoggedInPage - PA left: 215/230
[main] INFO PokeLifeBotByMetin.pages.LoggedInPage - Chcecking if PA >= 5 successful
[main] INFO PokeLifeBotByMetin.pages.WildPage - Continue button clicked
[main] INFO PokeLifeBotByMetin.pages.WildPage - Pokemon chosen
[main] INFO PokeLifeBotByMetin.pages.WildPage - Pokeball thrown if
[main] INFO PokeLifeBotByMetin.pages.WildPage - Continue button clicked
[main] INFO PokeLifeBotByMetin.pages.WildPage - Continue button clicked
[main] INFO PokeLifeBotByMetin.pages.LoggedInPage - PA left: 195/230
[main] INFO PokeLifeBotByMetin.pages.LoggedInPage - Chcecking if PA >= 5 successful
[main] INFO PokeLifeBotByMetin.pages.WildPage - Continue button clicked
[main] INFO PokeLifeBotByMetin.pages.WildPage - Pokemon chosen
[main] INFO PokeLifeBotByMetin.pages.WildPage - Pokeball thrown if
[main] INFO PokeLifeBotByMetin.pages.WildPage - Pokemon chosen
[main] INFO PokeLifeBotByMetin.pages.WildPage - Pokeball thrown if
[main] INFO PokeLifeBotByMetin.pages.WildPage - Continue button clicked
[main] INFO PokeLifeBotByMetin.pages.LoggedInPage - PA left: 175/230
[main] INFO PokeLifeBotByMetin.pages.LoggedInPage - Chcecking if PA >= 5 successful
[main] INFO PokeLifeBotByMetin.pages.WildPage - Continue button clicked
[main] INFO PokeLifeBotByMetin.pages.WildPage - Pokemon chosen
[main] INFO PokeLifeBotByMetin.pages.WildPage - Pokeball thrown if
[main] INFO PokeLifeBotByMetin.pages.WildPage - Continue button clicked
[main] INFO PokeLifeBotByMetin.pages.WildPage - Pokemon chosen
[main] INFO PokeLifeBotByMetin.pages.WildPage - Pokeball thrown if
[main] INFO PokeLifeBotByMetin.pages.LoggedInPage - PA left: 150/230
[main] INFO PokeLifeBotByMetin.pages.LoggedInPage - Chcecking if PA >= 5 successful
[main] INFO PokeLifeBotByMetin.pages.WildPage - Continue button clicked
[main] INFO PokeLifeBotByMetin.pages.WildPage - Pokemon chosen
[main] INFO PokeLifeBotByMetin.pages.WildPage - Pokeball thrown if
[main] INFO PokeLifeBotByMetin.pages.WildPage - Continue button clicked
[main] INFO PokeLifeBotByMetin.pages.WildPage - Continue button clicked
[main] INFO PokeLifeBotByMetin.pages.LoggedInPage - PA left: 130/230
[main] INFO PokeLifeBotByMetin.pages.LoggedInPage - Chcecking if PA >= 5 successful
[main] INFO PokeLifeBotByMetin.pages.WildPage - Continue button clicked
[main] INFO PokeLifeBotByMetin.pages.WildPage - Pokemon chosen
[main] INFO PokeLifeBotByMetin.pages.WildPage - Pokeball thrown if
[main] INFO PokeLifeBotByMetin.pages.WildPage - Continue button clicked
[main] INFO PokeLifeBotByMetin.pages.WildPage - Pokemon chosen
[main] INFO PokeLifeBotByMetin.pages.WildPage - Pokeball thrown if
[main] INFO PokeLifeBotByMetin.pages.LoggedInPage - PA left: 105/230
[main] INFO PokeLifeBotByMetin.pages.LoggedInPage - Chcecking if PA >= 5 successful
[main] INFO PokeLifeBotByMetin.pages.WildPage - Continue button clicked
[main] INFO PokeLifeBotByMetin.pages.WildPage - Continue button clicked
[main] INFO PokeLifeBotByMetin.pages.WildPage - Continue button clicked
[main] INFO PokeLifeBotByMetin.pages.LoggedInPage - PA left: 90/230
[main] INFO PokeLifeBotByMetin.pages.LoggedInPage - Chcecking if PA >= 5 successful
[main] INFO PokeLifeBotByMetin.pages.WildPage - Continue button clicked
[main] INFO PokeLifeBotByMetin.pages.WildPage - Continue button clicked
[main] INFO PokeLifeBotByMetin.pages.WildPage - Continue button clicked
[main] INFO PokeLifeBotByMetin.pages.LoggedInPage - PA left: 70/230
[main] INFO PokeLifeBotByMetin.pages.LoggedInPage - Chcecking if PA >= 5 successful
[main] INFO PokeLifeBotByMetin.pages.WildPage - Continue button clicked
[main] INFO PokeLifeBotByMetin.pages.WildPage - Continue button clicked
[main] INFO PokeLifeBotByMetin.pages.WildPage - Continue button clicked
[main] INFO PokeLifeBotByMetin.pages.LoggedInPage - PA left: 50/230
[main] INFO PokeLifeBotByMetin.pages.LoggedInPage - Chcecking if PA >= 5 successful
[main] INFO PokeLifeBotByMetin.pages.WildPage - Pokemon chosen
[main] INFO PokeLifeBotByMetin.pages.WildPage - Pokeball thrown if
[main] INFO PokeLifeBotByMetin.pages.WildPage - Continue button clicked
[main] INFO PokeLifeBotByMetin.pages.LoggedInPage - PA left: 40/230
[main] INFO PokeLifeBotByMetin.pages.LoggedInPage - Chcecking if PA >= 5 successful
[main] INFO PokeLifeBotByMetin.pages.WildPage - Continue button clicked
[main] INFO PokeLifeBotByMetin.pages.WildPage - Continue button clicked
[main] INFO PokeLifeBotByMetin.pages.WildPage - Continue button clicked
[main] INFO PokeLifeBotByMetin.pages.LoggedInPage - PA left: 20/230
[main] INFO PokeLifeBotByMetin.pages.LoggedInPage - Chcecking if PA >= 5 successful
[main] INFO PokeLifeBotByMetin.pages.WildPage - Continue button clicked
[main] INFO PokeLifeBotByMetin.pages.WildPage - Green potion used
[main] WARN PokeLifeBotByMetin.tests.GoToWildTest - Green potion limit exceeded
[main] INFO PokeLifeBotByMetin.pages.WildPage - Continue button clicked
[main] INFO PokeLifeBotByMetin.pages.WildPage - Pokemon chosen
[main] INFO PokeLifeBotByMetin.pages.WildPage - Pokeball thrown if
[main] INFO PokeLifeBotByMetin.pages.LoggedInPage - PA left: 100/230
[main] INFO PokeLifeBotByMetin.pages.LoggedInPage - Chcecking if PA >= 5 successful
[main] INFO PokeLifeBotByMetin.pages.WildPage - Continue button clicked
[main] INFO PokeLifeBotByMetin.pages.WildPage - Pokemon chosen
[main] INFO PokeLifeBotByMetin.pages.WildPage - Continue button clicked
[main] INFO PokeLifeBotByMetin.pages.WildPage - Pokemon chosen
[main] INFO PokeLifeBotByMetin.pages.WildPage - Pokeball thrown if
[main] INFO PokeLifeBotByMetin.pages.LoggedInPage - PA left: 85/230
[main] INFO PokeLifeBotByMetin.pages.LoggedInPage - Chcecking if PA >= 5 successful
[main] INFO PokeLifeBotByMetin.pages.WildPage - Continue button clicked
[main] INFO PokeLifeBotByMetin.pages.WildPage - Pokemon chosen
[main] INFO PokeLifeBotByMetin.pages.WildPage - Pokeball thrown if
[main] INFO PokeLifeBotByMetin.pages.WildPage - Continue button clicked
[main] INFO PokeLifeBotByMetin.pages.WildPage - Continue button clicked
[main] INFO PokeLifeBotByMetin.pages.LoggedInPage - PA left: 65/230
[main] INFO PokeLifeBotByMetin.pages.LoggedInPage - Chcecking if PA >= 5 successful
[main] INFO PokeLifeBotByMetin.pages.WildPage - Pokemon chosen
[main] INFO PokeLifeBotByMetin.pages.WildPage - Pokeball thrown if
[main] INFO PokeLifeBotByMetin.pages.WildPage - Continue button clicked
[main] INFO PokeLifeBotByMetin.pages.LoggedInPage - PA left: 55/230
[main] INFO PokeLifeBotByMetin.pages.LoggedInPage - Chcecking if PA >= 5 successful
[main] INFO PokeLifeBotByMetin.pages.WildPage - Pokemon chosen
[main] INFO PokeLifeBotByMetin.pages.WildPage - Pokeball thrown if
[main] INFO PokeLifeBotByMetin.pages.WildPage - Pokemon chosen
[main] INFO PokeLifeBotByMetin.pages.WildPage - Pokeball thrown if
[main] INFO PokeLifeBotByMetin.pages.LoggedInPage - PA left: 45/230
[main] INFO PokeLifeBotByMetin.pages.LoggedInPage - Chcecking if PA >= 5 successful
[main] INFO PokeLifeBotByMetin.pages.WildPage - Continue button clicked
[main] INFO PokeLifeBotByMetin.pages.WildPage - Pokemon chosen
[main] INFO PokeLifeBotByMetin.pages.WildPage - Pokeball thrown if
[main] INFO PokeLifeBotByMetin.pages.WildPage - Sell btn clicked
[main] INFO PokeLifeBotByMetin.pages.WildPage - Pokemons sold
[main] INFO PokeLifeBotByMetin.pages.WildPage - Continue button clicked
[main] INFO PokeLifeBotByMetin.pages.LoggedInPage - PA left: 35/230
[main] INFO PokeLifeBotByMetin.pages.LoggedInPage - Chcecking if PA >= 5 successful
[main] INFO PokeLifeBotByMetin.pages.WildPage - Pokemon chosen
[main] INFO PokeLifeBotByMetin.pages.WildPage - Pokeball thrown if
[main] INFO PokeLifeBotByMetin.pages.WildPage - Pokemon chosen
[main] INFO PokeLifeBotByMetin.pages.WildPage - Continue button clicked
[main] INFO PokeLifeBotByMetin.pages.LoggedInPage - PA left: 25/230
[main] INFO PokeLifeBotByMetin.pages.LoggedInPage - Chcecking if PA >= 5 successful
[main] INFO PokeLifeBotByMetin.pages.WildPage - Continue button clicked
[main] INFO PokeLifeBotByMetin.pages.WildPage - Pokemon chosen
[main] INFO PokeLifeBotByMetin.pages.WildPage - Pokeball thrown if
[main] INFO PokeLifeBotByMetin.pages.WildPage - Continue button clicked
[main] INFO PokeLifeBotByMetin.pages.WildPage - Pokemon chosen
[main] INFO PokeLifeBotByMetin.pages.WildPage - Pokeball thrown if
[main] INFO PokeLifeBotByMetin.pages.LoggedInPage - PA left: 0/230
[main] INFO PokeLifeBotByMetin.pages.LoggedInPage - PA < 5, app is closing
org.openqa.selenium.NoSuchSessionException: Session ID is null. Using WebDriver after calling quit()?
Build info: version: '4.15.0', revision: '1d14b5521b'
System info: os.name: 'Windows 10', os.arch: 'amd64', os.version: '10.0', java.version: '19.0.2'
Driver info: org.openqa.selenium.edge.EdgeDriver
Command: [null, findElement {using=xpath, value=(//div[@role='group']//button)[2]}]
Capabilities {acceptInsecureCerts: false, browserName: msedge, browserVersion: 119.0.2151.97, fedcm:accounts: true, ms:edgeOptions: {debuggerAddress: localhost:63433}, msedge: {msedgedriverVersion: 119.0.2151.97 (42f50dec8b7a..., userDataDir: C:\Users\Metin\AppData\Loca...}, networkConnectionEnabled: false, pageLoadStrategy: normal, platformName: windows, proxy: Proxy(), se:cdp: ws://localhost:63433/devtoo..., se:cdpVersion: 119.0.2151.97, setWindowRect: true, strictFileInteractability: false, timeouts: {implicit: 0, pageLoad: 300000, script: 30000}, unhandledPromptBehavior: dismiss and notify, webauthn:extension:credBlob: true, webauthn:extension:largeBlob: true, webauthn:extension:minPinLength: true, webauthn:extension:prf: true, webauthn:virtualAuthenticators: true}
	at org.openqa.selenium.remote.HttpCommandExecutor.execute(HttpCommandExecutor.java:152)
	at org.openqa.selenium.remote.service.DriverCommandExecutor.invokeExecute(DriverCommandExecutor.java:200)
	at org.openqa.selenium.remote.service.DriverCommandExecutor.execute(DriverCommandExecutor.java:175)
	at org.openqa.selenium.remote.RemoteWebDriver.execute(RemoteWebDriver.java:607)
	at org.openqa.selenium.remote.ElementLocation$ElementFinder$2.findElement(ElementLocation.java:165)
	at org.openqa.selenium.remote.ElementLocation.findElement(ElementLocation.java:59)
	at org.openqa.selenium.remote.RemoteWebDriver.findElement(RemoteWebDriver.java:364)
	at org.openqa.selenium.remote.RemoteWebDriver.findElement(RemoteWebDriver.java:358)
	at org.openqa.selenium.support.pagefactory.DefaultElementLocator.findElement(DefaultElementLocator.java:68)
	at org.openqa.selenium.support.pagefactory.internal.LocatingElementHandler.invoke(LocatingElementHandler.java:38)
	at jdk.proxy2/jdk.proxy2.$Proxy9.isDisplayed(Unknown Source)
	at PokeLifeBotByMetin.pages.WildPage.startExp(WildPage.java:106)
	at PokeLifeBotByMetin.tests.GoToWildTest.goToWildTest(GoToWildTest.java:48)
	at java.base/jdk.internal.reflect.DirectMethodHandleAccessor.invoke(DirectMethodHandleAccessor.java:104)
	at java.base/java.lang.reflect.Method.invoke(Method.java:578)
	at org.testng.internal.invokers.MethodInvocationHelper.invokeMethod(MethodInvocationHelper.java:139)
	at org.testng.internal.invokers.TestInvoker.invokeMethod(TestInvoker.java:664)
	at org.testng.internal.invokers.TestInvoker.invokeTestMethod(TestInvoker.java:227)
	at org.testng.internal.invokers.MethodRunner.runInSequence(MethodRunner.java:50)
	at org.testng.internal.invokers.TestInvoker$MethodInvocationAgent.invoke(TestInvoker.java:957)
	at org.testng.internal.invokers.TestInvoker.invokeTestMethods(TestInvoker.java:200)
	at org.testng.internal.invokers.TestMethodWorker.invokeTestMethods(TestMethodWorker.java:148)
	at org.testng.internal.invokers.TestMethodWorker.run(TestMethodWorker.java:128)
	at java.base/java.util.ArrayList.forEach(ArrayList.java:1511)
	at org.testng.TestRunner.privateRun(TestRunner.java:848)
	at org.testng.TestRunner.run(TestRunner.java:621)
	at org.testng.SuiteRunner.runTest(SuiteRunner.java:443)
	at org.testng.SuiteRunner.runSequentially(SuiteRunner.java:437)
	at org.testng.SuiteRunner.privateRun(SuiteRunner.java:397)
	at org.testng.SuiteRunner.run(SuiteRunner.java:336)
	at org.testng.SuiteRunnerWorker.runSuite(SuiteRunnerWorker.java:52)
	at org.testng.SuiteRunnerWorker.run(SuiteRunnerWorker.java:95)
	at org.testng.TestNG.runSuitesSequentially(TestNG.java:1280)
	at org.testng.TestNG.runSuitesLocally(TestNG.java:1200)
	at org.testng.TestNG.runSuites(TestNG.java:1114)
	at org.testng.TestNG.run(TestNG.java:1082)
	at org.apache.maven.surefire.testng.TestNGExecutor.run(TestNGExecutor.java:151)
	at org.apache.maven.surefire.testng.TestNGDirectoryTestSuite.executeMulti(TestNGDirectoryTestSuite.java:192)
	at org.apache.maven.surefire.testng.TestNGDirectoryTestSuite.execute(TestNGDirectoryTestSuite.java:93)
	at org.apache.maven.surefire.testng.TestNGProvider.invoke(TestNGProvider.java:155)
	at org.apache.maven.surefire.booter.ForkedBooter.runSuitesInProcess(ForkedBooter.java:456)
	at org.apache.maven.surefire.booter.ForkedBooter.execute(ForkedBooter.java:169)
	at org.apache.maven.surefire.booter.ForkedBooter.run(ForkedBooter.java:595)
	at org.apache.maven.surefire.booter.ForkedBooter.main(ForkedBooter.java:581)
[main] WARN PokeLifeBotByMetin.pages.WildPage - Exception in startexp
[main] WARN PokeLifeBotByMetin.pages.WildPage - Potion error
]]></system-err>
  </testcase>
  <testcase name="finishWork" classname="PokeLifeBotByMetin.tests.GoWorkTest" time="5.856">
    <failure message="no such element: Unable to locate element: {&quot;method&quot;:&quot;xpath&quot;,&quot;selector&quot;:&quot;//button[text()=&apos;Zakończ&apos;]&quot;}&#10;  (Session info: MicrosoftEdge=119.0.2151.97)&#10;For documentation on this error, please visit: https://www.selenium.dev/documentation/webdriver/troubleshooting/errors#no-such-element-exception&#10;Build info: version: &apos;4.15.0&apos;, revision: &apos;1d14b5521b&apos;&#10;System info: os.name: &apos;Windows 10&apos;, os.arch: &apos;amd64&apos;, os.version: &apos;10.0&apos;, java.version: &apos;19.0.2&apos;&#10;Driver info: org.openqa.selenium.edge.EdgeDriver&#10;Command: [61bc6e33f3f7f2a0981ad3ace68e342f, findElement {using=xpath, value=//button[text()=&apos;Zakończ&apos;]}]&#10;Capabilities {acceptInsecureCerts: false, browserName: msedge, browserVersion: 119.0.2151.97, fedcm:accounts: true, ms:edgeOptions: {debuggerAddress: localhost:63468}, msedge: {msedgedriverVersion: 119.0.2151.97 (42f50dec8b7a..., userDataDir: C:\Users\Metin\AppData\Loca...}, networkConnectionEnabled: false, pageLoadStrategy: normal, platformName: windows, proxy: Proxy(), se:cdp: ws://localhost:63468/devtoo..., se:cdpVersion: 119.0.2151.97, setWindowRect: true, strictFileInteractability: false, timeouts: {implicit: 0, pageLoad: 300000, script: 30000}, unhandledPromptBehavior: dismiss and notify, webauthn:extension:credBlob: true, webauthn:extension:largeBlob: true, webauthn:extension:minPinLength: true, webauthn:extension:prf: true, webauthn:virtualAuthenticators: true}&#10;Session ID: 61bc6e33f3f7f2a0981ad3ace68e342f" type="org.openqa.selenium.NoSuchElementException"><![CDATA[org.openqa.selenium.NoSuchElementException: 
no such element: Unable to locate element: {"method":"xpath","selector":"//button[text()='Zakończ']"}
  (Session info: MicrosoftEdge=119.0.2151.97)
For documentation on this error, please visit: https://www.selenium.dev/documentation/webdriver/troubleshooting/errors#no-such-element-exception
Build info: version: '4.15.0', revision: '1d14b5521b'
System info: os.name: 'Windows 10', os.arch: 'amd64', os.version: '10.0', java.version: '19.0.2'
Driver info: org.openqa.selenium.edge.EdgeDriver
Command: [61bc6e33f3f7f2a0981ad3ace68e342f, findElement {using=xpath, value=//button[text()='Zakończ']}]
Capabilities {acceptInsecureCerts: false, browserName: msedge, browserVersion: 119.0.2151.97, fedcm:accounts: true, ms:edgeOptions: {debuggerAddress: localhost:63468}, msedge: {msedgedriverVersion: 119.0.2151.97 (42f50dec8b7a..., userDataDir: C:\Users\Metin\AppData\Loca...}, networkConnectionEnabled: false, pageLoadStrategy: normal, platformName: windows, proxy: Proxy(), se:cdp: ws://localhost:63468/devtoo..., se:cdpVersion: 119.0.2151.97, setWindowRect: true, strictFileInteractability: false, timeouts: {implicit: 0, pageLoad: 300000, script: 30000}, unhandledPromptBehavior: dismiss and notify, webauthn:extension:credBlob: true, webauthn:extension:largeBlob: true, webauthn:extension:minPinLength: true, webauthn:extension:prf: true, webauthn:virtualAuthenticators: true}
Session ID: 61bc6e33f3f7f2a0981ad3ace68e342f
	at java.base/jdk.internal.reflect.DirectConstructorHandleAccessor.newInstance(DirectConstructorHandleAccessor.java:67)
	at java.base/java.lang.reflect.Constructor.newInstanceWithCaller(Constructor.java:500)
	at java.base/java.lang.reflect.Constructor.newInstance(Constructor.java:484)
	at org.openqa.selenium.remote.codec.w3c.W3CHttpResponseCodec.createException(W3CHttpResponseCodec.java:200)
	at org.openqa.selenium.remote.codec.w3c.W3CHttpResponseCodec.decode(W3CHttpResponseCodec.java:133)
	at org.openqa.selenium.remote.codec.w3c.W3CHttpResponseCodec.decode(W3CHttpResponseCodec.java:52)
	at org.openqa.selenium.remote.HttpCommandExecutor.execute(HttpCommandExecutor.java:191)
	at org.openqa.selenium.remote.service.DriverCommandExecutor.invokeExecute(DriverCommandExecutor.java:200)
	at org.openqa.selenium.remote.service.DriverCommandExecutor.execute(DriverCommandExecutor.java:175)
	at org.openqa.selenium.remote.RemoteWebDriver.execute(RemoteWebDriver.java:607)
	at org.openqa.selenium.remote.ElementLocation$ElementFinder$2.findElement(ElementLocation.java:165)
	at org.openqa.selenium.remote.ElementLocation.findElement(ElementLocation.java:59)
	at org.openqa.selenium.remote.RemoteWebDriver.findElement(RemoteWebDriver.java:364)
	at org.openqa.selenium.remote.RemoteWebDriver.findElement(RemoteWebDriver.java:358)
	at org.openqa.selenium.support.pagefactory.DefaultElementLocator.findElement(DefaultElementLocator.java:68)
	at org.openqa.selenium.support.pagefactory.internal.LocatingElementHandler.invoke(LocatingElementHandler.java:38)
	at jdk.proxy2/jdk.proxy2.$Proxy9.click(Unknown Source)
	at PokeLifeBotByMetin.pages.GoWorkPage.finishWork(GoWorkPage.java:59)
	at PokeLifeBotByMetin.tests.GoWorkTest.finishWork(GoWorkTest.java:37)
	at java.base/jdk.internal.reflect.DirectMethodHandleAccessor.invoke(DirectMethodHandleAccessor.java:104)
	at java.base/java.lang.reflect.Method.invoke(Method.java:578)
	at org.testng.internal.invokers.MethodInvocationHelper.invokeMethod(MethodInvocationHelper.java:139)
	at org.testng.internal.invokers.TestInvoker.invokeMethod(TestInvoker.java:664)
	at org.testng.internal.invokers.TestInvoker.invokeTestMethod(TestInvoker.java:227)
	at org.testng.internal.invokers.MethodRunner.runInSequence(MethodRunner.java:50)
	at org.testng.internal.invokers.TestInvoker$MethodInvocationAgent.invoke(TestInvoker.java:957)
	at org.testng.internal.invokers.TestInvoker.invokeTestMethods(TestInvoker.java:200)
	at org.testng.internal.invokers.TestMethodWorker.invokeTestMethods(TestMethodWorker.java:148)
	at org.testng.internal.invokers.TestMethodWorker.run(TestMethodWorker.java:128)
	at java.base/java.util.ArrayList.forEach(ArrayList.java:1511)
	at org.testng.TestRunner.privateRun(TestRunner.java:848)
	at org.testng.TestRunner.run(TestRunner.java:621)
	at org.testng.SuiteRunner.runTest(SuiteRunner.java:443)
	at org.testng.SuiteRunner.runSequentially(SuiteRunner.java:437)
	at org.testng.SuiteRunner.privateRun(SuiteRunner.java:397)
	at org.testng.SuiteRunner.run(SuiteRunner.java:336)
	at org.testng.SuiteRunnerWorker.runSuite(SuiteRunnerWorker.java:52)
	at org.testng.SuiteRunnerWorker.run(SuiteRunnerWorker.java:95)
	at org.testng.TestNG.runSuitesSequentially(TestNG.java:1280)
	at org.testng.TestNG.runSuitesLocally(TestNG.java:1200)
	at org.testng.TestNG.runSuites(TestNG.java:1114)
	at org.testng.TestNG.run(TestNG.java:1082)
	at org.apache.maven.surefire.testng.TestNGExecutor.run(TestNGExecutor.java:151)
	at org.apache.maven.surefire.testng.TestNGDirectoryTestSuite.executeMulti(TestNGDirectoryTestSuite.java:192)
	at org.apache.maven.surefire.testng.TestNGDirectoryTestSuite.execute(TestNGDirectoryTestSuite.java:93)
	at org.apache.maven.surefire.testng.TestNGProvider.invoke(TestNGProvider.java:155)
	at org.apache.maven.surefire.booter.ForkedBooter.runSuitesInProcess(ForkedBooter.java:456)
	at org.apache.maven.surefire.booter.ForkedBooter.execute(ForkedBooter.java:169)
	at org.apache.maven.surefire.booter.ForkedBooter.run(ForkedBooter.java:595)
	at org.apache.maven.surefire.booter.ForkedBooter.main(ForkedBooter.java:581)
]]></failure>
    <system-err><![CDATA[[main] INFO PokeLifeBotByMetin.pages.LoggedInPage - No notification to close
]]></system-err>
  </testcase>
  <testcase name="setup" classname="PokeLifeBotByMetin.tests.GoWorkTest" time="6.044">
    <failure message="Session ID is null. Using WebDriver after calling quit()?&#10;Build info: version: &apos;4.15.0&apos;, revision: &apos;1d14b5521b&apos;&#10;System info: os.name: &apos;Windows 10&apos;, os.arch: &apos;amd64&apos;, os.version: &apos;10.0&apos;, java.version: &apos;19.0.2&apos;&#10;Driver info: org.openqa.selenium.edge.EdgeDriver&#10;Command: [null, setTimeout {implicit=10000}]&#10;Capabilities {acceptInsecureCerts: false, browserName: msedge, browserVersion: 119.0.2151.97, fedcm:accounts: true, ms:edgeOptions: {debuggerAddress: localhost:63468}, msedge: {msedgedriverVersion: 119.0.2151.97 (42f50dec8b7a..., userDataDir: C:\Users\Metin\AppData\Loca...}, networkConnectionEnabled: false, pageLoadStrategy: normal, platformName: windows, proxy: Proxy(), se:cdp: ws://localhost:63468/devtoo..., se:cdpVersion: 119.0.2151.97, setWindowRect: true, strictFileInteractability: false, timeouts: {implicit: 0, pageLoad: 300000, script: 30000}, unhandledPromptBehavior: dismiss and notify, webauthn:extension:credBlob: true, webauthn:extension:largeBlob: true, webauthn:extension:minPinLength: true, webauthn:extension:prf: true, webauthn:virtualAuthenticators: true}" type="org.openqa.selenium.NoSuchSessionException"><![CDATA[org.openqa.selenium.NoSuchSessionException: 
Session ID is null. Using WebDriver after calling quit()?
Build info: version: '4.15.0', revision: '1d14b5521b'
System info: os.name: 'Windows 10', os.arch: 'amd64', os.version: '10.0', java.version: '19.0.2'
Driver info: org.openqa.selenium.edge.EdgeDriver
Command: [null, setTimeout {implicit=10000}]
Capabilities {acceptInsecureCerts: false, browserName: msedge, browserVersion: 119.0.2151.97, fedcm:accounts: true, ms:edgeOptions: {debuggerAddress: localhost:63468}, msedge: {msedgedriverVersion: 119.0.2151.97 (42f50dec8b7a..., userDataDir: C:\Users\Metin\AppData\Loca...}, networkConnectionEnabled: false, pageLoadStrategy: normal, platformName: windows, proxy: Proxy(), se:cdp: ws://localhost:63468/devtoo..., se:cdpVersion: 119.0.2151.97, setWindowRect: true, strictFileInteractability: false, timeouts: {implicit: 0, pageLoad: 300000, script: 30000}, unhandledPromptBehavior: dismiss and notify, webauthn:extension:credBlob: true, webauthn:extension:largeBlob: true, webauthn:extension:minPinLength: true, webauthn:extension:prf: true, webauthn:virtualAuthenticators: true}
	at org.openqa.selenium.remote.HttpCommandExecutor.execute(HttpCommandExecutor.java:152)
	at org.openqa.selenium.remote.service.DriverCommandExecutor.invokeExecute(DriverCommandExecutor.java:200)
	at org.openqa.selenium.remote.service.DriverCommandExecutor.execute(DriverCommandExecutor.java:175)
	at org.openqa.selenium.remote.RemoteWebDriver.execute(RemoteWebDriver.java:607)
	at org.openqa.selenium.remote.RemoteWebDriver$RemoteWebDriverOptions$RemoteTimeouts.implicitlyWait(RemoteWebDriver.java:1022)
	at PokeLifeBotByMetin.tests.BaseTest.setup(BaseTest.java:16)
	at java.base/jdk.internal.reflect.DirectMethodHandleAccessor.invoke(DirectMethodHandleAccessor.java:104)
	at java.base/java.lang.reflect.Method.invoke(Method.java:578)
	at org.testng.internal.invokers.MethodInvocationHelper.invokeMethod(MethodInvocationHelper.java:139)
	at org.testng.internal.invokers.MethodInvocationHelper.invokeMethodConsideringTimeout(MethodInvocationHelper.java:69)
	at org.testng.internal.invokers.ConfigInvoker.invokeConfigurationMethod(ConfigInvoker.java:390)
	at org.testng.internal.invokers.ConfigInvoker.invokeConfigurations(ConfigInvoker.java:325)
	at org.testng.internal.invokers.TestInvoker.runConfigMethods(TestInvoker.java:810)
	at org.testng.internal.invokers.TestInvoker.invokeMethod(TestInvoker.java:577)
	at org.testng.internal.invokers.TestInvoker.invokeTestMethod(TestInvoker.java:227)
	at org.testng.internal.invokers.MethodRunner.runInSequence(MethodRunner.java:50)
	at org.testng.internal.invokers.TestInvoker$MethodInvocationAgent.invoke(TestInvoker.java:957)
	at org.testng.internal.invokers.TestInvoker.invokeTestMethods(TestInvoker.java:200)
	at org.testng.internal.invokers.TestMethodWorker.invokeTestMethods(TestMethodWorker.java:148)
	at org.testng.internal.invokers.TestMethodWorker.run(TestMethodWorker.java:128)
	at java.base/java.util.ArrayList.forEach(ArrayList.java:1511)
	at org.testng.TestRunner.privateRun(TestRunner.java:848)
	at org.testng.TestRunner.run(TestRunner.java:621)
	at org.testng.SuiteRunner.runTest(SuiteRunner.java:443)
	at org.testng.SuiteRunner.runSequentially(SuiteRunner.java:437)
	at org.testng.SuiteRunner.privateRun(SuiteRunner.java:397)
	at org.testng.SuiteRunner.run(SuiteRunner.java:336)
	at org.testng.SuiteRunnerWorker.runSuite(SuiteRunnerWorker.java:52)
	at org.testng.SuiteRunnerWorker.run(SuiteRunnerWorker.java:95)
	at org.testng.TestNG.runSuitesSequentially(TestNG.java:1280)
	at org.testng.TestNG.runSuitesLocally(TestNG.java:1200)
	at org.testng.TestNG.runSuites(TestNG.java:1114)
	at org.testng.TestNG.run(TestNG.java:1082)
	at org.apache.maven.surefire.testng.TestNGExecutor.run(TestNGExecutor.java:151)
	at org.apache.maven.surefire.testng.TestNGDirectoryTestSuite.executeMulti(TestNGDirectoryTestSuite.java:192)
	at org.apache.maven.surefire.testng.TestNGDirectoryTestSuite.execute(TestNGDirectoryTestSuite.java:93)
	at org.apache.maven.surefire.testng.TestNGProvider.invoke(TestNGProvider.java:155)
	at org.apache.maven.surefire.booter.ForkedBooter.runSuitesInProcess(ForkedBooter.java:456)
	at org.apache.maven.surefire.booter.ForkedBooter.execute(ForkedBooter.java:169)
	at org.apache.maven.surefire.booter.ForkedBooter.run(ForkedBooter.java:595)
	at org.apache.maven.surefire.booter.ForkedBooter.main(ForkedBooter.java:581)
]]></failure>
  </testcase>
  <testcase name="goToWork" classname="PokeLifeBotByMetin.tests.GoWorkTest" time="0">
    <skipped message="Session ID is null. Using WebDriver after calling quit()?&#10;Build info: version: &apos;4.15.0&apos;, revision: &apos;1d14b5521b&apos;&#10;System info: os.name: &apos;Windows 10&apos;, os.arch: &apos;amd64&apos;, os.version: &apos;10.0&apos;, java.version: &apos;19.0.2&apos;&#10;Driver info: org.openqa.selenium.edge.EdgeDriver&#10;Command: [null, setTimeout {implicit=10000}]&#10;Capabilities {acceptInsecureCerts: false, browserName: msedge, browserVersion: 119.0.2151.97, fedcm:accounts: true, ms:edgeOptions: {debuggerAddress: localhost:63468}, msedge: {msedgedriverVersion: 119.0.2151.97 (42f50dec8b7a..., userDataDir: C:\Users\Metin\AppData\Loca...}, networkConnectionEnabled: false, pageLoadStrategy: normal, platformName: windows, proxy: Proxy(), se:cdp: ws://localhost:63468/devtoo..., se:cdpVersion: 119.0.2151.97, setWindowRect: true, strictFileInteractability: false, timeouts: {implicit: 0, pageLoad: 300000, script: 30000}, unhandledPromptBehavior: dismiss and notify, webauthn:extension:credBlob: true, webauthn:extension:largeBlob: true, webauthn:extension:minPinLength: true, webauthn:extension:prf: true, webauthn:virtualAuthenticators: true}"/>
  </testcase>
  <testcase name="tearDown" classname="PokeLifeBotByMetin.tests.GoWorkTest" time="0">
    <skipped/>
  </testcase>
  <testcase name="logInTest" classname="PokeLifeBotByMetin.tests.LogInTest" time="0.647">
    <system-out><![CDATA[Login success
]]></system-out>
  </testcase>
</testsuite>